
[2015-05-29 00:13:49]  --> notify_(notify_data的notify参数为空):array (
  'service' => 'alipay.wap.trade.create.direct',
  'sign' => 'cc158579a90863dc582f090e66176a38',
  'sec_id' => 'MD5',
  'v' => '1.0',
  'notify_data' => '<notify><payment_type>1</payment_type><subject>英式橄榄球训练球(数量：1)|Optimum英式橄榄球五号训练球(数量：1)</subject><trade_no>2015052800001000570066898489</trade_no><buyer_email>zwt007@gmail.com</buyer_email><gmt_create>2015-05-28 22:39:44</gmt_create><notify_type>trade_status_sync</notify_type><quantity>1</quantity><out_trade_no>50</out_trade_no><notify_time>2015-05-28 22:39:55</notify_time><seller_id>2088411147045803</seller_id><trade_status>TRADE_FINISHED</trade_status><is_total_fee_adjust>N</is_total_fee_adjust><total_fee>0.01</total_fee><gmt_payment>2015-05-28 22:39:54</gmt_payment><seller_email>admin@9580.com</seller_email><gmt_close>2015-05-28 22:39:54</gmt_close><price>0.01</price><buyer_id>2088002388365571</buyer_id><notify_id>cf827d5ee9e5e4dc6667907301a0b2d856</notify_id><use_coupon>N</use_coupon></notify>',
)
[2015-05-29 00:13:56]  --> notify_(notify_data的notify参数为空):array (
  'service' => 'alipay.wap.trade.create.direct',
  'sign' => 'cc158579a90863dc582f090e66176a38',
  'sec_id' => 'MD5',
  'v' => '1.0',
  'notify_data' => '<notify><payment_type>1</payment_type><subject>英式橄榄球训练球(数量：1)|Optimum英式橄榄球五号训练球(数量：1)</subject><trade_no>2015052800001000570066898489</trade_no><buyer_email>zwt007@gmail.com</buyer_email><gmt_create>2015-05-28 22:39:44</gmt_create><notify_type>trade_status_sync</notify_type><quantity>1</quantity><out_trade_no>50</out_trade_no><notify_time>2015-05-28 22:39:55</notify_time><seller_id>2088411147045803</seller_id><trade_status>TRADE_FINISHED</trade_status><is_total_fee_adjust>N</is_total_fee_adjust><total_fee>0.01</total_fee><gmt_payment>2015-05-28 22:39:54</gmt_payment><seller_email>admin@9580.com</seller_email><gmt_close>2015-05-28 22:39:54</gmt_close><price>0.01</price><buyer_id>2088002388365571</buyer_id><notify_id>cf827d5ee9e5e4dc6667907301a0b2d856</notify_id><use_coupon>N</use_coupon></notify>',
)
[2015-05-29 16:00:11]  --> array (
  'out_trade_no' => '42',
  'request_token' => 'requestToken',
  'result' => 'sucess',
  'trade_no' => '2015052900001000570066974412',
  'sign' => '9740b564e08ad4aad51c10027f5e1ff1',
  'sign_type' => 'MD5',
  'TMAC_CONTROLLER_FILE' => 'pay/alipay',
  'TMAC_CONTROLLER' => 'alipay',
  'TMAC_ACTION' => 'returnurl',
)
[2015-05-29 16:00:23]  --> array (
  'out_trade_no' => '42',
  'request_token' => 'requestToken',
  'result' => 'sucess',
  'trade_no' => '2015052900001000570066974412',
  'sign' => '9740b564e08ad4aad51c10027f5e1ff1',
  'sign_type' => 'MD5',
  'TMAC_CONTROLLER_FILE' => 'pay/alipay',
  'TMAC_CONTROLLER' => 'alipay',
  'TMAC_ACTION' => 'returnurl',
)
[2015-05-29 16:00:24]  --> array (
  'out_trade_no' => '42',
  'request_token' => 'requestToken',
  'result' => 'sucess',
  'trade_no' => '2015052900001000570066974412',
  'sign' => '9740b564e08ad4aad51c10027f5e1ff1',
  'sign_type' => 'MD5',
  'TMAC_CONTROLLER_FILE' => 'pay/alipay',
  'TMAC_CONTROLLER' => 'alipay',
  'TMAC_ACTION' => 'returnurl',
)
[2015-05-29 16:00:26]  --> array (
  'out_trade_no' => '42',
  'request_token' => 'requestToken',
  'result' => 'sucess',
  'trade_no' => '2015052900001000570066974412',
  'sign' => '9740b564e08ad4aad51c10027f5e1ff1',
  'sign_type' => 'MD5',
  'TMAC_CONTROLLER_FILE' => 'pay/alipay',
  'TMAC_CONTROLLER' => 'alipay',
  'TMAC_ACTION' => 'returnurl',
)
[2015-05-29 16:00:27]  --> array (
  'out_trade_no' => '42',
  'request_token' => 'requestToken',
  'result' => 'sucess',
  'trade_no' => '2015052900001000570066974412',
  'sign' => '9740b564e08ad4aad51c10027f5e1ff1',
  'sign_type' => 'MD5',
  'TMAC_CONTROLLER_FILE' => 'pay/alipay',
  'TMAC_CONTROLLER' => 'alipay',
  'TMAC_ACTION' => 'returnurl',
)
[2015-05-29 16:00:27]  --> array (
  'out_trade_no' => '42',
  'request_token' => 'requestToken',
  'result' => 'sucess',
  'trade_no' => '2015052900001000570066974412',
  'sign' => '9740b564e08ad4aad51c10027f5e1ff1',
  'sign_type' => 'MD5',
  'TMAC_CONTROLLER_FILE' => 'pay/alipay',
  'TMAC_CONTROLLER' => 'alipay',
  'TMAC_ACTION' => 'returnurl',
)
[2015-05-29 16:00:27]  --> array (
  'out_trade_no' => '42',
  'request_token' => 'requestToken',
  'result' => 'sucess',
  'trade_no' => '2015052900001000570066974412',
  'sign' => '9740b564e08ad4aad51c10027f5e1ff1',
  'sign_type' => 'MD5',
  'TMAC_CONTROLLER_FILE' => 'pay/alipay',
  'TMAC_CONTROLLER' => 'alipay',
  'TMAC_ACTION' => 'returnurl',
)
[2015-05-29 16:00:46]  --> array (
  'out_trade_no' => '42',
  'request_token' => 'requestToken',
  'result' => 'sucess',
  'trade_no' => '2015052900001000570066974412',
  'sign' => '9740b564e08ad4aad51c10027f5e1ff1',
  'sign_type' => 'MD5',
  'TMAC_CONTROLLER_FILE' => 'pay/alipay',
  'TMAC_CONTROLLER' => 'alipay',
  'TMAC_ACTION' => 'returnurl',
)
[2015-05-29 16:00:56]  --> array (
  'out_trade_no' => '42',
  'request_token' => 'requestToken',
  'result' => 'sucess',
  'trade_no' => '2015052900001000570066974412',
  'sign' => '9740b564e08ad4aad51c10027f5e1ff1',
  'sign_type' => 'MD5',
  'TMAC_CONTROLLER_FILE' => 'pay/alipay',
  'TMAC_CONTROLLER' => 'alipay',
  'TMAC_ACTION' => 'returnurl',
)
[2015-05-29 16:01:04]  --> array (
  'out_trade_no' => '42',
  'request_token' => 'requestToken',
  'result' => 'sucess',
  'trade_no' => '2015052900001000570066974412',
  'sign' => '9740b564e08ad4aad51c10027f5e1ff1',
  'sign_type' => 'MD5',
  'TMAC_CONTROLLER_FILE' => 'pay/alipay',
  'TMAC_CONTROLLER' => 'alipay',
  'TMAC_ACTION' => 'returnurl',
)
[2015-05-29 16:01:13]  --> array (
  'out_trade_no' => '42',
  'request_token' => 'requestToken',
  'result' => 'sucess',
  'trade_no' => '2015052900001000570066974412',
  'sign' => '9740b564e08ad4aad51c10027f5e1ff1',
  'sign_type' => 'MD5',
  'TMAC_CONTROLLER_FILE' => 'pay/alipay',
  'TMAC_CONTROLLER' => 'alipay',
  'TMAC_ACTION' => 'returnurl',
)
[2015-05-29 16:01:16]  --> array (
  'out_trade_no' => '42',
  'request_token' => 'requestToken',
  'result' => 'sucess',
  'trade_no' => '2015052900001000570066974412',
  'sign' => '9740b564e08ad4aad51c10027f5e1ff1',
  'sign_type' => 'MD5',
  'TMAC_CONTROLLER_FILE' => 'pay/alipay',
  'TMAC_CONTROLLER' => 'alipay',
  'TMAC_ACTION' => 'returnurl',
)
[2015-05-29 16:01:23]  --> array (
  'out_trade_no' => '42',
  'request_token' => 'requestToken',
  'result' => 'sucess',
  'trade_no' => '2015052900001000570066974412',
  'sign' => '9740b564e08ad4aad51c10027f5e1ff1',
  'sign_type' => 'MD5',
  'TMAC_CONTROLLER_FILE' => 'pay/alipay',
  'TMAC_CONTROLLER' => 'alipay',
  'TMAC_ACTION' => 'returnurl',
)
[2015-05-29 16:01:56]  --> array (
  'out_trade_no' => '42',
  'request_token' => 'requestToken',
  'result' => 'sucess',
  'trade_no' => '2015052900001000570066974412',
  'sign' => '9740b564e08ad4aad51c10027f5e1ff1',
  'sign_type' => 'MD5',
  'TMAC_CONTROLLER_FILE' => 'pay/alipay',
  'TMAC_CONTROLLER' => 'alipay',
  'TMAC_ACTION' => 'returnurl',
)
[2015-05-29 16:02:11]  --> array (
  'out_trade_no' => '42',
  'request_token' => 'requestToken',
  'result' => 'sucess',
  'trade_no' => '2015052900001000570066974412',
  'sign' => '9740b564e08ad4aad51c10027f5e1ff1',
  'sign_type' => 'MD5',
  'TMAC_CONTROLLER_FILE' => 'pay/alipay',
  'TMAC_CONTROLLER' => 'alipay',
  'TMAC_ACTION' => 'returnurl',
)
[2015-05-29 16:03:35]  --> array (
  'out_trade_no' => '42',
  'request_token' => 'requestToken',
  'result' => 'sucess',
  'trade_no' => '2015052900001000570066974412',
  'sign' => '9740b564e08ad4aad51c10027f5e1ff1',
  'sign_type' => 'MD5',
  'TMAC_CONTROLLER_FILE' => 'pay/alipay',
  'TMAC_CONTROLLER' => 'alipay',
  'TMAC_ACTION' => 'returnurl',
)
[2015-05-29 16:03:45]  --> array (
  'out_trade_no' => '42',
  'request_token' => 'requestToken',
  'result' => 'sucess',
  'trade_no' => '2015052900001000570066974412',
  'sign' => '9740b564e08ad4aad51c10027f5e1ff1',
  'sign_type' => 'MD5',
  'TMAC_CONTROLLER_FILE' => 'pay/alipay',
  'TMAC_CONTROLLER' => 'alipay',
  'TMAC_ACTION' => 'returnurl',
)
[2015-05-29 16:03:46]  --> array (
  'out_trade_no' => '42',
  'request_token' => 'requestToken',
  'result' => 'sucess',
  'trade_no' => '2015052900001000570066974412',
  'sign' => '9740b564e08ad4aad51c10027f5e1ff1',
  'sign_type' => 'MD5',
  'TMAC_CONTROLLER_FILE' => 'pay/alipay',
  'TMAC_CONTROLLER' => 'alipay',
  'TMAC_ACTION' => 'returnurl',
)
[2015-05-29 16:03:51]  --> array (
  'out_trade_no' => '42',
  'request_token' => 'requestToken',
  'result' => 'sucess',
  'trade_no' => '2015052900001000570066974412',
  'sign' => '9740b564e08ad4aad51c10027f5e1ff1',
  'sign_type' => 'MD5',
  'TMAC_CONTROLLER_FILE' => 'pay/alipay',
  'TMAC_CONTROLLER' => 'alipay',
  'TMAC_ACTION' => 'returnurl',
)
[2015-05-29 16:03:57]  --> array (
  'out_trade_no' => '42',
  'request_token' => 'requestToken',
  'result' => 'sucess',
  'trade_no' => '2015052900001000570066974412',
  'sign' => '9740b564e08ad4aad51c10027f5e1ff1',
  'sign_type' => 'MD5',
  'TMAC_CONTROLLER_FILE' => 'pay/alipay',
  'TMAC_CONTROLLER' => 'alipay',
  'TMAC_ACTION' => 'returnurl',
)
[2015-05-29 16:04:08]  --> array (
  'out_trade_no' => '42',
  'request_token' => 'requestToken',
  'result' => 'sucess',
  'trade_no' => '2015052900001000570066974412',
  'sign' => '9740b564e08ad4aad51c10027f5e1ff1',
  'sign_type' => 'MD5',
  'TMAC_CONTROLLER_FILE' => 'pay/alipay',
  'TMAC_CONTROLLER' => 'alipay',
  'TMAC_ACTION' => 'returnurl',
)
[2015-05-29 16:04:12]  --> array (
  'out_trade_no' => '42',
  'request_token' => 'requestToken',
  'result' => 'sucess',
  'trade_no' => '2015052900001000570066974412',
  'sign' => '9740b564e08ad4aad51c10027f5e1ff1',
  'sign_type' => 'MD5',
  'TMAC_CONTROLLER_FILE' => 'pay/alipay',
  'TMAC_CONTROLLER' => 'alipay',
  'TMAC_ACTION' => 'returnurl',
)
[2015-05-29 16:05:05]  --> array (
  'out_trade_no' => '42',
  'request_token' => 'requestToken',
  'result' => 'sucess',
  'trade_no' => '2015052900001000570066974412',
  'sign' => '9740b564e08ad4aad51c10027f5e1ff1',
  'sign_type' => 'MD5',
  'TMAC_CONTROLLER_FILE' => 'pay/alipay',
  'TMAC_CONTROLLER' => 'alipay',
  'TMAC_ACTION' => 'returnurl',
)
[2015-05-29 16:05:17]  --> array (
  'out_trade_no' => '42',
  'request_token' => 'requestToken',
  'result' => 'sucess',
  'trade_no' => '2015052900001000570066974412',
  'sign' => '9740b564e08ad4aad51c10027f5e1ff1',
  'sign_type' => 'MD5',
  'TMAC_CONTROLLER_FILE' => 'pay/alipay',
  'TMAC_CONTROLLER' => 'alipay',
  'TMAC_ACTION' => 'returnurl',
)
[2015-05-29 16:05:30]  --> array (
  'out_trade_no' => '42',
  'request_token' => 'requestToken',
  'result' => 'sucess',
  'trade_no' => '2015052900001000570066974412',
  'sign' => '9740b564e08ad4aad51c10027f5e1ff1',
  'sign_type' => 'MD5',
  'TMAC_CONTROLLER_FILE' => 'pay/alipay',
  'TMAC_CONTROLLER' => 'alipay',
  'TMAC_ACTION' => 'returnurl',
)
[2015-05-29 16:09:16]  --> array (
  'out_trade_no' => '43',
  'request_token' => 'requestToken',
  'result' => 'sucess',
  'trade_no' => '2015052900001000570066973849',
  'sign' => 'c620d3bbf03eea83732fa57ee9c4cbcd',
  'sign_type' => 'MD5',
  'TMAC_CONTROLLER_FILE' => 'pay/alipay',
  'TMAC_CONTROLLER' => 'alipay',
  'TMAC_ACTION' => 'returnurl',
)
[2015-05-29 16:09:27]  --> array (
  'out_trade_no' => '43',
  'request_token' => 'requestToken',
  'result' => 'sucess',
  'trade_no' => '2015052900001000570066973849',
  'sign' => 'c620d3bbf03eea83732fa57ee9c4cbcd',
  'sign_type' => 'MD5',
  'TMAC_CONTROLLER_FILE' => 'pay/alipay',
  'TMAC_CONTROLLER' => 'alipay',
  'TMAC_ACTION' => 'returnurl',
)
[2015-05-29 16:09:37]  --> array (
  'out_trade_no' => '43',
  'request_token' => 'requestToken',
  'result' => 'sucess',
  'trade_no' => '2015052900001000570066973849',
  'sign' => 'c620d3bbf03eea83732fa57ee9c4cbcd',
  'sign_type' => 'MD5',
  'TMAC_CONTROLLER_FILE' => 'pay/alipay',
  'TMAC_CONTROLLER' => 'alipay',
  'TMAC_ACTION' => 'returnurl',
)
[2015-05-29 16:09:43]  --> array (
  'out_trade_no' => '43',
  'request_token' => 'requestToken',
  'result' => 'sucess',
  'trade_no' => '2015052900001000570066973849',
  'sign' => 'c620d3bbf03eea83732fa57ee9c4cbcd',
  'sign_type' => 'MD5',
  'TMAC_CONTROLLER_FILE' => 'pay/alipay',
  'TMAC_CONTROLLER' => 'alipay',
  'TMAC_ACTION' => 'returnurl',
)
[2015-05-29 16:10:03]  --> array (
  'out_trade_no' => '43',
  'request_token' => 'requestToken',
  'result' => 'sucess',
  'trade_no' => '2015052900001000570066973849',
  'sign' => 'c620d3bbf03eea83732fa57ee9c4cbcd',
  'sign_type' => 'MD5',
  'TMAC_CONTROLLER_FILE' => 'pay/alipay',
  'TMAC_CONTROLLER' => 'alipay',
  'TMAC_ACTION' => 'returnurl',
)
[2015-05-29 16:10:34]  --> array (
  'out_trade_no' => '43',
  'request_token' => 'requestToken',
  'result' => 'sucess',
  'trade_no' => '2015052900001000570066973849',
  'sign' => 'c620d3bbf03eea83732fa57ee9c4cbcd',
  'sign_type' => 'MD5',
  'TMAC_CONTROLLER_FILE' => 'pay/alipay',
  'TMAC_CONTROLLER' => 'alipay',
  'TMAC_ACTION' => 'returnurl',
)
[2015-05-29 16:11:28]  --> array (
  'out_trade_no' => '43',
  'request_token' => 'requestToken',
  'result' => 'sucess',
  'trade_no' => '2015052900001000570066973849',
  'sign' => 'c620d3bbf03eea83732fa57ee9c4cbcd',
  'sign_type' => 'MD5',
  'TMAC_CONTROLLER_FILE' => 'pay/alipay',
  'TMAC_CONTROLLER' => 'alipay',
  'TMAC_ACTION' => 'returnurl',
)
[2015-05-29 16:11:44]  --> array (
  'out_trade_no' => '43',
  'request_token' => 'requestToken',
  'result' => 'sucess',
  'trade_no' => '2015052900001000570066973849',
  'sign' => 'c620d3bbf03eea83732fa57ee9c4cbcd',
  'sign_type' => 'MD5',
  'TMAC_CONTROLLER_FILE' => 'pay/alipay',
  'TMAC_CONTROLLER' => 'alipay',
  'TMAC_ACTION' => 'returnurl',
)
[2015-05-29 16:12:18]  --> array (
  'out_trade_no' => '43',
  'request_token' => 'requestToken',
  'result' => 'sucess',
  'trade_no' => '2015052900001000570066973849',
  'sign' => 'c620d3bbf03eea83732fa57ee9c4cbcd',
  'sign_type' => 'MD5',
  'TMAC_CONTROLLER_FILE' => 'pay/alipay',
  'TMAC_CONTROLLER' => 'alipay',
  'TMAC_ACTION' => 'returnurl',
)
[2015-05-29 16:15:37]  --> array (
  'out_trade_no' => '43',
  'request_token' => 'requestToken',
  'result' => 'sucess',
  'trade_no' => '2015052900001000570066973849',
  'sign' => 'c620d3bbf03eea83732fa57ee9c4cbcd',
  'sign_type' => 'MD5',
  'TMAC_CONTROLLER_FILE' => 'pay/alipay',
  'TMAC_CONTROLLER' => 'alipay',
  'TMAC_ACTION' => 'returnurl',
)
[2015-05-29 16:16:04]  --> array (
  'out_trade_no' => '43',
  'request_token' => 'requestToken',
  'result' => 'sucess',
  'trade_no' => '2015052900001000570066973849',
  'sign' => 'c620d3bbf03eea83732fa57ee9c4cbcd',
  'sign_type' => 'MD5',
  'TMAC_CONTROLLER_FILE' => 'pay/alipay',
  'TMAC_CONTROLLER' => 'alipay',
  'TMAC_ACTION' => 'returnurl',
)
[2015-05-29 16:16:17]  --> array (
  'out_trade_no' => '43',
  'request_token' => 'requestToken',
  'result' => 'sucess',
  'trade_no' => '2015052900001000570066973849',
  'sign' => 'c620d3bbf03eea83732fa57ee9c4cbcd',
  'sign_type' => 'MD5',
  'TMAC_CONTROLLER_FILE' => 'pay/alipay',
  'TMAC_CONTROLLER' => 'alipay',
  'TMAC_ACTION' => 'returnurl',
)
[2015-05-29 16:16:30]  --> array (
  'out_trade_no' => '43',
  'request_token' => 'requestToken',
  'result' => 'sucess',
  'trade_no' => '2015052900001000570066973849',
  'sign' => 'c620d3bbf03eea83732fa57ee9c4cbcd',
  'sign_type' => 'MD5',
  'TMAC_CONTROLLER_FILE' => 'pay/alipay',
  'TMAC_CONTROLLER' => 'alipay',
  'TMAC_ACTION' => 'returnurl',
)
[2015-05-29 16:16:55]  --> array (
  'out_trade_no' => '43',
  'request_token' => 'requestToken',
  'result' => 'success',
  'trade_no' => '2015052900001000570066973849',
  'sign' => 'c620d3bbf03eea83732fa57ee9c4cbcd',
  'sign_type' => 'MD5',
  'TMAC_CONTROLLER_FILE' => 'pay/alipay',
  'TMAC_CONTROLLER' => 'alipay',
  'TMAC_ACTION' => 'returnurl',
)
[2015-05-29 16:17:00]  --> array (
  'out_trade_no' => '43',
  'request_token' => 'requestToken',
  'result' => 'success要',
  'trade_no' => '2015052900001000570066973849',
  'sign' => 'c620d3bbf03eea83732fa57ee9c4cbcd',
  'sign_type' => 'MD5',
  'TMAC_CONTROLLER_FILE' => 'pay/alipay',
  'TMAC_CONTROLLER' => 'alipay',
  'TMAC_ACTION' => 'returnurl',
)
[2015-05-29 16:17:08]  --> array (
  'out_trade_no' => '43',
  'request_token' => 'requestToken',
  'result' => 'success',
  'trade_no' => '2015052900001000570066973849',
  'sign' => 'c620d3bbf03eea83732fa57ee9c4cbcd',
  'sign_type' => 'MD5',
  'TMAC_CONTROLLER_FILE' => 'pay/alipay',
  'TMAC_CONTROLLER' => 'alipay',
  'TMAC_ACTION' => 'returnurl',
)