
[2016-03-28 21:35:09]  --> curl出错，错误码:58<br>|stdClass::__set_state(array(
   'uid' => '68',
   'member_type' => '3',
   'member_class' => '0',
   'email_setting' => '',
   'tel_setting' => '',
   'message_setting' => '0',
   'setting_time' => '0',
   'default_account_type' => '0',
   'alipay_account' => '',
   'alipay_username' => '',
   'bank_id' => '',
   'bank_pid' => '0',
   'bank_cityid' => '0',
   'bank_name' => '',
   'bank_cardnum' => '',
   'bank_account' => '',
   'member_contact' => '',
   'shop_name' => '银品惠_2016031621023062213',
   'shop_intro' => '',
   'shop_image_id' => '',
   'shop_signboard_image_id' => '',
   'shop_template_id' => '0',
   'shop_address' => '',
   'stock_setting' => '1',
   'shop_sort' => '0',
   'idcard' => '',
   'idcard_positive_image_id' => '',
   'idcard_negative_image_id' => '',
   'idcard_image_id' => '',
   'idcard_verify' => '0',
   'weixin_id' => '',
   'current_money' => '11.00',
   'history_money' => '34.00',
   'goods_show_type' => '1',
   'payment_type' => '0',
   'refund_type' => '0',
   'is_guarantee_transaction' => '0',
   'collect_count' => '0',
   'collect_count_variable' => '0',
   'device_ios_token' => '',
   'device_android_token' => '',
   'security_deposit' => '0.00',
   'seller_count' => '0',
   'seller_count_variable' => '0',
   'reg_time' => '1458133346',
   'openid' => 'ogCHGvo1vsFr62_FVHJqVaDPZD8Q1',
   'nickname' => 'Qihang',
   'avatar_imgurl' => '',
   'settle_status' => '0',
   'error_message' => '',
))|stdClass::__set_state(array(
   'settle_id' => '11',
   'uid' => '68',
   'mobile' => '',
   'realname' => 'Qihang',
   'shop_name' => '银品惠_2016031621023062213',
   'money' => '1.00',
   'account_type' => '0',
   'alipay_account' => '',
   'alipay_username' => '',
   'bank_id' => '',
   'bank_cardnum' => '',
   'bank_account' => '',
   'settle_note' => '',
   'settle_apply_time' => '1459171914',
   'settle_execute_time' => '0',
   'settle_bank_id' => '',
   'settle_bank_cardnum' => '',
   'settle_bank_account' => '',
   'settle_image_id' => '',
   'member_bill_id' => '3334',
   'admin_uid' => '0',
   'admin_username' => '',
   'settle_status' => '3',
))
[2016-03-28 21:35:39]  --> curl出错，错误码:58<br>|stdClass::__set_state(array(
   'uid' => '68',
   'member_type' => '3',
   'member_class' => '0',
   'email_setting' => '',
   'tel_setting' => '',
   'message_setting' => '0',
   'setting_time' => '0',
   'default_account_type' => '0',
   'alipay_account' => '',
   'alipay_username' => '',
   'bank_id' => '',
   'bank_pid' => '0',
   'bank_cityid' => '0',
   'bank_name' => '',
   'bank_cardnum' => '',
   'bank_account' => '',
   'member_contact' => '',
   'shop_name' => '银品惠_2016031621023062213',
   'shop_intro' => '',
   'shop_image_id' => '',
   'shop_signboard_image_id' => '',
   'shop_template_id' => '0',
   'shop_address' => '',
   'stock_setting' => '1',
   'shop_sort' => '0',
   'idcard' => '',
   'idcard_positive_image_id' => '',
   'idcard_negative_image_id' => '',
   'idcard_image_id' => '',
   'idcard_verify' => '0',
   'weixin_id' => '',
   'current_money' => '11.00',
   'history_money' => '34.00',
   'goods_show_type' => '1',
   'payment_type' => '0',
   'refund_type' => '0',
   'is_guarantee_transaction' => '0',
   'collect_count' => '0',
   'collect_count_variable' => '0',
   'device_ios_token' => '',
   'device_android_token' => '',
   'security_deposit' => '0.00',
   'seller_count' => '0',
   'seller_count_variable' => '0',
   'reg_time' => '1458133346',
   'openid' => 'ogCHGvo1vsFr62_FVHJqVaDPZD8Q1',
   'nickname' => 'Qihang',
   'avatar_imgurl' => '',
   'settle_status' => '0',
   'error_message' => '',
))|stdClass::__set_state(array(
   'settle_id' => '11',
   'uid' => '68',
   'mobile' => '',
   'realname' => 'Qihang',
   'shop_name' => '银品惠_2016031621023062213',
   'money' => '1.00',
   'account_type' => '0',
   'alipay_account' => '',
   'alipay_username' => '',
   'bank_id' => '',
   'bank_cardnum' => '',
   'bank_account' => '',
   'settle_note' => '',
   'settle_apply_time' => '1459171914',
   'settle_execute_time' => '0',
   'settle_bank_id' => '',
   'settle_bank_cardnum' => '',
   'settle_bank_account' => '',
   'settle_image_id' => '',
   'member_bill_id' => '3334',
   'admin_uid' => '0',
   'admin_username' => '',
   'settle_status' => '3',
))
[2016-03-28 21:36:39]  --> curl出错，错误码:58<br>|stdClass::__set_state(array(
   'uid' => '68',
   'member_type' => '3',
   'member_class' => '0',
   'email_setting' => '',
   'tel_setting' => '',
   'message_setting' => '0',
   'setting_time' => '0',
   'default_account_type' => '0',
   'alipay_account' => '',
   'alipay_username' => '',
   'bank_id' => '',
   'bank_pid' => '0',
   'bank_cityid' => '0',
   'bank_name' => '',
   'bank_cardnum' => '',
   'bank_account' => '',
   'member_contact' => '',
   'shop_name' => '银品惠_2016031621023062213',
   'shop_intro' => '',
   'shop_image_id' => '',
   'shop_signboard_image_id' => '',
   'shop_template_id' => '0',
   'shop_address' => '',
   'stock_setting' => '1',
   'shop_sort' => '0',
   'idcard' => '',
   'idcard_positive_image_id' => '',
   'idcard_negative_image_id' => '',
   'idcard_image_id' => '',
   'idcard_verify' => '0',
   'weixin_id' => '',
   'current_money' => '11.00',
   'history_money' => '34.00',
   'goods_show_type' => '1',
   'payment_type' => '0',
   'refund_type' => '0',
   'is_guarantee_transaction' => '0',
   'collect_count' => '0',
   'collect_count_variable' => '0',
   'device_ios_token' => '',
   'device_android_token' => '',
   'security_deposit' => '0.00',
   'seller_count' => '0',
   'seller_count_variable' => '0',
   'reg_time' => '1458133346',
   'openid' => 'ogCHGvo1vsFr62_FVHJqVaDPZD8Q1',
   'nickname' => 'Qihang',
   'avatar_imgurl' => '',
   'settle_status' => '0',
   'error_message' => '',
))|stdClass::__set_state(array(
   'settle_id' => '11',
   'uid' => '68',
   'mobile' => '',
   'realname' => 'Qihang',
   'shop_name' => '银品惠_2016031621023062213',
   'money' => '1.00',
   'account_type' => '0',
   'alipay_account' => '',
   'alipay_username' => '',
   'bank_id' => '',
   'bank_cardnum' => '',
   'bank_account' => '',
   'settle_note' => '',
   'settle_apply_time' => '1459171914',
   'settle_execute_time' => '0',
   'settle_bank_id' => '',
   'settle_bank_cardnum' => '',
   'settle_bank_account' => '',
   'settle_image_id' => '',
   'member_bill_id' => '3334',
   'admin_uid' => '0',
   'admin_username' => '',
   'settle_status' => '3',
))
[2016-03-28 21:37:07]  --> curl出错，错误码:58<br>|stdClass::__set_state(array(
   'uid' => '68',
   'member_type' => '3',
   'member_class' => '0',
   'email_setting' => '',
   'tel_setting' => '',
   'message_setting' => '0',
   'setting_time' => '0',
   'default_account_type' => '0',
   'alipay_account' => '',
   'alipay_username' => '',
   'bank_id' => '',
   'bank_pid' => '0',
   'bank_cityid' => '0',
   'bank_name' => '',
   'bank_cardnum' => '',
   'bank_account' => '',
   'member_contact' => '',
   'shop_name' => '银品惠_2016031621023062213',
   'shop_intro' => '',
   'shop_image_id' => '',
   'shop_signboard_image_id' => '',
   'shop_template_id' => '0',
   'shop_address' => '',
   'stock_setting' => '1',
   'shop_sort' => '0',
   'idcard' => '',
   'idcard_positive_image_id' => '',
   'idcard_negative_image_id' => '',
   'idcard_image_id' => '',
   'idcard_verify' => '0',
   'weixin_id' => '',
   'current_money' => '11.00',
   'history_money' => '34.00',
   'goods_show_type' => '1',
   'payment_type' => '0',
   'refund_type' => '0',
   'is_guarantee_transaction' => '0',
   'collect_count' => '0',
   'collect_count_variable' => '0',
   'device_ios_token' => '',
   'device_android_token' => '',
   'security_deposit' => '0.00',
   'seller_count' => '0',
   'seller_count_variable' => '0',
   'reg_time' => '1458133346',
   'openid' => 'ogCHGvo1vsFr62_FVHJqVaDPZD8Q1',
   'nickname' => 'Qihang',
   'avatar_imgurl' => '',
   'settle_status' => '0',
   'error_message' => '',
))|stdClass::__set_state(array(
   'settle_id' => '11',
   'uid' => '68',
   'mobile' => '',
   'realname' => 'Qihang',
   'shop_name' => '银品惠_2016031621023062213',
   'money' => '1.00',
   'account_type' => '0',
   'alipay_account' => '',
   'alipay_username' => '',
   'bank_id' => '',
   'bank_cardnum' => '',
   'bank_account' => '',
   'settle_note' => '',
   'settle_apply_time' => '1459171914',
   'settle_execute_time' => '0',
   'settle_bank_id' => '',
   'settle_bank_cardnum' => '',
   'settle_bank_account' => '',
   'settle_image_id' => '',
   'member_bill_id' => '3334',
   'admin_uid' => '0',
   'admin_username' => '',
   'settle_status' => '3',
))