
[2015-06-05 22:50:13]  --> notify_(订单不存在 或 订单已经支付的): 
<xml><appid><![CDATA[wx7bf2888c2d9d1446]]></appid>
<attach><![CDATA[休闲服(数量：1)_订单号：52]]></attach>
<bank_type><![CDATA[CFT]]></bank_type>
<cash_fee><![CDATA[1]]></cash_fee>
<fee_type><![CDATA[CNY]]></fee_type>
<is_subscribe><![CDATA[Y]]></is_subscribe>
<mch_id><![CDATA[1242720702]]></mch_id>
<nonce_str><![CDATA[svb44zon696d72s3z4mk42mw8jyzm4pv]]></nonce_str>
<openid><![CDATA[oE9F_t8s7E9uXxZUnJmPa2hGt8Tw]]></openid>
<out_trade_no><![CDATA[52]]></out_trade_no>
<result_code><![CDATA[SUCCESS]]></result_code>
<return_code><![CDATA[SUCCESS]]></return_code>
<sign><![CDATA[70BB12081222AAFC458509F20FBF7DBD]]></sign>
<time_end><![CDATA[20150605172355]]></time_end>
<total_fee>1</total_fee>
<trade_type><![CDATA[JSAPI]]></trade_type>
<transaction_id><![CDATA[1004990300201506050211902920]]></transaction_id>
</xml>

[2015-06-05 22:50:30]  --> notify_(订单不存在 或 订单已经支付的): 
<xml><appid><![CDATA[wx7bf2888c2d9d1446]]></appid>
<attach><![CDATA[休闲服(数量：1)_订单号：52]]></attach>
<bank_type><![CDATA[CFT]]></bank_type>
<cash_fee><![CDATA[1]]></cash_fee>
<fee_type><![CDATA[CNY]]></fee_type>
<is_subscribe><![CDATA[Y]]></is_subscribe>
<mch_id><![CDATA[1242720702]]></mch_id>
<nonce_str><![CDATA[svb44zon696d72s3z4mk42mw8jyzm4pv]]></nonce_str>
<openid><![CDATA[oE9F_t8s7E9uXxZUnJmPa2hGt8Tw]]></openid>
<out_trade_no><![CDATA[52]]></out_trade_no>
<result_code><![CDATA[SUCCESS]]></result_code>
<return_code><![CDATA[SUCCESS]]></return_code>
<sign><![CDATA[70BB12081222AAFC458509F20FBF7DBD]]></sign>
<time_end><![CDATA[20150605172355]]></time_end>
<total_fee>1</total_fee>
<trade_type><![CDATA[JSAPI]]></trade_type>
<transaction_id><![CDATA[1004990300201506050211902920]]></transaction_id>
</xml>
